Code "P1 Infinite Rings"
write16 00A4C784 999

Code "P2 Infinite Rings"
write16 00A4CBDC 999

Code "Infinite Lives"
write8 00A4C790 99

Code "Freeze Timer"
write32 00CCF6EC 0

Code "P1 Always Have Combine Ring"
write8 00A4C79C 1

Code "P2 Always Have Combine Ring"
write8 00A4CBF4 1

Code "Enable Debug Mode"
write8 00CCF708 1

Patch "Enable Insta-Shield and Drop Dash"
write16 00483696 0x5190
write16 004836F6 0x9090
write8 004836F8 0x59

Code "Enable Super Peel-Out"
writenop 0047F627 6
ifltu8 00CCF6F8 38
	write32 00A4C88C 0x00483AD0
	write32 00A4CCE4 0x00483AD0
endif

Patch "Disable Super Peel-Out Animation"
write16 0047F638 0x62EB

Patch "Disable Super Music"
write8 0048356E 0xEB

Patch "Enable Super With No Emeralds"
writenop 004832E8 6
writenop 0120D97A 2

Patch "Enable Super With 1 Ring"
write8 004832F4 1
write8 0120D962 0x1

Code "P1 Always Sonic"
write8 p00D837B0|4 1

Code "P1 Always Tails"
write8 p00D837B0|4 2

Code "P1 Always Knuckles"
write8 p00D837B0|4 4

Code "Disable P2 (Mania Mode)"
write8 p00D837B0|5 0

Code "P2 Always Sonic"
write8 p00D837B0|5 1

Code "P2 Always Tails"
write8 p00D837B0|5 2

Code "P2 Always Knuckles"
write8 p00D837B0|5 4

Patch "Fix For ERZ Super Sonic Abilities"
write16 0047E832 0x38EB
writenop 0047E86E 7

Code "P1 Has Sonic's Abilities"
write32 00A4C888 0x004835D0

Code "P1 Has Tails' Abilities"
write32 00A4C888 0x00483910

Code "P1 Has Knuckles' Abilities"
write32 00A4C888 0x004839E0

Code "P1 Has ERZ Super Sonic's Abilities"
write32 00A4C888 0x019CFF00

Code "P2 Has Sonic's Abilities"
write32 00A4CCE0 0x004835D0

Code "P2 Has Tails' Abilities"
write32 00A4CCE0 0x00483910

Code "P2 Has Knuckles' Abilities"
write32 00A4CCE0 0x004839E0

Code "P2 Has ERZ Super Sonic's Abilities"
write32 00A4CCE0 0x019CFF00

Code "Super Forms Can Fly"
ifltu8 00CCF6F8 38
	ifeq8 00A4C7E4 2
		write32 00A4C888 0x019CFF00
	else
		ifeq32 00A4C718 0x0047E3C0
			write32 00A4C718 0x004853E0
		else
			ifeq8 00A4C780 1
				write32 00A4C888 0x004835D0
			endif
			ifeq8 00A4C780 2
				write32 00A4C888 0x00483910
			endif
			ifeq8 00A4C780 4
				write32 00A4C888 0x004839E0
			endif
		endif
	endif
endif

Patch "Super Dash Costs No Rings"
writenop 0047E662 6
write16 0047E783 0x11EB

Patch "Remove Super Dash Cooldown"
write8 0047E644 0xEB

Code "Super Forms Can Be Canceled"
ifeq8 00A4C7E4 2
	ifeq8 00A4C884 1
		ifeq8 00631AF8 1
			write8 00A4C7E4 3
		endif
	endif
	writenop 0120D96C 2
else
	write16 0120D96C 0x6C7D
endif

Code "P1 Have Bubble Shield Effects (No Protection)"
write8 00A4C78C 2

Code "P1 Have Flame Shield Effects (No Protection)"
write8 00A4C78C 3

Code "P1 Have Lightning Shield Effects (No Protection)"
write8 00A4C78C 4

Code "P2 Have Bubble Shield Effects (No Protection)"
write8 00A4CBE4 2

Code "P2 Have Flame Shield Effects (No Protection)"
write8 00A4CBE4 3

Code "P2 Have Lightning Shield Effects (No Protection)"
write8 00A4CBE4 4

Patch "Infinite Flight (Tails)"
writenop 004867AD 6

Patch "Infinite Insta-Shield Usage"
writenop 00483698 10

Patch "Infinite Flame Shield Usage"
writenop 00483790 10

Patch "Infinite Lightning Shield Usage"
writenop 00483826 10

Patch "Instant Drop Dash"
writenop 004838A3 6

Patch "Don't Lose Rings While Super"
writenop 00482F14 6

Patch "Keep Super Forever*"
writenop 00482F50 10

Patch "Disable Super Transformation Prompt"
write16 0041F807 0xE990

Patch "Super Sonic Uses Sonic's Sprites"
write8 004834E0 0xEB

Patch "Never Drown"
writenop 0042D30B 6

Patch "Keep Flame Shield Underwater"
write8 0042D289 0xEB

Patch "Keep Lightning Shield Underwater"
write8 0042D2C2 0xEB

Patch "Bubble Shield Won't Save You From Drowning"
write16 0042D2FB 0xE990

Patch "Instantly Drown"
write32 00A4C7B4 1799

Patch "Ignore Damage"
write8 004813C0 0xC3

Patch "Die in One Hit"
writenop 004814B4 6
writenop 004814BD 2
writenop 004814C2 6

Patch "AI Player Dies When Hit"
write8 0048147B 3

Code "Keep Control During Cutscenes"
ifgtu8 00CCF6F8 80
	write32 00A4C85C 0x47FCF0
endif

Patch "Don't Skip Cutscenes In Debug Mode"
write8 004554DD 0xEB

Patch "Skip Cutscenes"
writenop 004554DD 2

Patch "Disable HUD"
write8 0041F4A0 0xC3

Patch "Don't Get Extra Life From Rings"
write8 004811E8 0xEB

Patch "Anyone Can Break Breakable Walls By Touching Them"
writenop 00444583 2
writenop 004B8498 2

Patch "Disable Time Over"
write8 0045769F 0xE9
write32 004576A0 0x89
write8 0041F504 0xEB

Patch "15 Minute Time Limit"
write8 0045768E 15
write8 0045769A 14
write8 0041F503 14
write8 0041F62A 0x3C
write8 0041F666 0x69
write8 0041F6A7 2

Patch "Invincibility Lasts Forever"
write8 0047E9CE 0xEB

Patch "Speed Shoes Last Forever"
write8 0047E9F4 0xEB

Patch "Disable Autosave Popup"
write32 00454D60 0x90C3C031

Patch "Display Unused CESA Message"
write8 005CA4E1 1

Patch "Never Show Bonus Stage Entrance"
write8 0040A6B2 0xEB

Patch "Always Show Bonus Stage Entrance"
writenop 0040A6B2 2

Patch "Players will Always Rotate on Slopes"
writenop 0048163F 2
writenop 00481646 2

Patch "Disable Background Pausing"
write8 005CAD65 0xEB

Patch "Special Stage: Grass Has No Effect"
write8 00557E91 0xEB

Patch "Special Stage: Start at Mach 3"
write8 00558F69 2

Patch "Special Stage: Don't Lose Rings With Time"
write8 031BC31F 0xEB

Patch "Bonus Stage: Only Need One Sphere"
writenop 004B49F7 2

Patch "Bonus Stage: Always Get Gold Medal"
write8 004B4475 0x13

Patch "Bonus Stage: Never Speed Up"
write8 004B4DF8 0xEB
write32 0061BF9B 0x67676F2E
write8 0061BF9F 0x00
write32 01D716C2 407077

Patch "Bonus Stage: Remove Speed Cap"
writenop 004B4DF8 2

Patch "Bonus Stage: Speed Up Twice As Quickly"
write32 01D8A300 900

Patch "Bonus Stage: Start At Max Speed"
write8 004B1B7B 32
write8 004B1B85 32
write8 004B1C0F 32
write8 004B1C19 32

Patch "Bonus Stage: Start At Double Max Speed"
write8 004B1B7B 64
write8 004B1B85 64
write8 004B1C0F 64
write8 004B1C19 64

